<?xml version="1.0" encoding="UTF-8"?>
<testng-results ignored="0" total="1" passed="1" failed="0" skipped="0">
  <reporter-output>
  </reporter-output>
  <suite started-at="2023-09-21T12:12:23Z" name="Surefire suite" finished-at="2023-09-21T12:12:52Z" duration-ms="28851">
    <groups>
    </groups>
    <test started-at="2023-09-21T12:12:23Z" name="Surefire test" finished-at="2023-09-21T12:12:52Z" duration-ms="28851">
      <class name="testCases.TestCase1">
        <test-method is-config="true" signature="initialization()[pri:0, instance:testCases.TestCase1@42e99e4a]" started-at="2023-09-21T14:11:55Z" name="initialization" finished-at="2023-09-21T14:12:23Z" duration-ms="27608" status="PASS">
          <reporter-output>
          </reporter-output>
        </test-method> <!-- initialization -->
        <test-method is-config="true" signature="execution()[pri:0, instance:testCases.TestCase1@42e99e4a]" started-at="2023-09-21T14:12:23Z" name="execution" finished-at="2023-09-21T14:12:23Z" duration-ms="39" status="PASS">
          <reporter-output>
          </reporter-output>
        </test-method> <!-- execution -->
        <test-method signature="testSteps()[pri:0, instance:testCases.TestCase1@42e99e4a]" started-at="2023-09-21T14:12:23Z" name="testSteps" finished-at="2023-09-21T14:12:52Z" duration-ms="28794" status="PASS">
          <reporter-output>
          </reporter-output>
        </test-method> <!-- testSteps -->
        <test-method is-config="true" signature="closeBrowser()[pri:0, instance:testCases.TestCase1@42e99e4a]" started-at="2023-09-21T14:12:52Z" name="closeBrowser" finished-at="2023-09-21T14:12:54Z" duration-ms="1602" status="PASS">
          <reporter-output>
          </reporter-output>
        </test-method> <!-- closeBrowser -->
      </class> <!-- testCases.TestCase1 -->
    </test> <!-- Surefire test -->
  </suite> <!-- Surefire suite -->
</testng-results>
